<?xml version="1.0" encoding="UTF-8"?>
<testsuite name="test.scala.WordCountTest" tests="1" skipped="0" failures="0" errors="0" timestamp="2020-02-13T12:59:24" hostname="tereza-IdeaPad-L340-15IRH-Gaming" time="0.019">
  <properties/>
  <testcase name="First test should return true" classname="test.scala.WordCountTest" time="0.019"/>
  <system-out><![CDATA[]]></system-out>
  <system-err><![CDATA[]]></system-err>
</testsuite>
